Determining if the pthread_create exist failed with the following output:
Change Dir: /home/physics/catkin_ws/build_isolated/navfn/CMakeFiles/CMakeTmp

Run Build Command:"/usr/bin/ninja" "cmTC_177a8"
[1/2] Building C object CMakeFiles/cmTC_177a8.dir/CheckSymbolExists.c.o
[2/2] Linking C executable cmTC_177a8
FAILED: : && /usr/bin/cc     CMakeFiles/cmTC_177a8.dir/CheckSymbolExists.c.o  -o cmTC_177a8  -rdynamic && :
CMakeFiles/cmTC_177a8.dir/CheckSymbolExists.c.o：在函数‘main’中：
CheckSymbolExists.c:(.text+0x16)：对‘pthread_create’未定义的引用
collect2: error: ld returned 1 exit status
ninja: build stopped: subcommand failed.

File /home/physics/catkin_ws/build_isolated/navfn/CMakeFiles/CMakeTmp/CheckSymbolExists.c:
/* */
#include <pthread.h>

int main(int argc, char** argv)
{
  (void)argv;
#ifndef pthread_create
  return ((int*)(&pthread_create))[argc];
#else
  (void)argc;
  return 0;
#endif
}

Determining if the function pthread_create exists in the pthreads failed with the following output:
Change Dir: /home/physics/catkin_ws/build_isolated/navfn/CMakeFiles/CMakeTmp

Run Build Command:"/usr/bin/ninja" "cmTC_d4f32"
[1/2] Building C object CMakeFiles/cmTC_d4f32.dir/CheckFunctionExists.c.o
[2/2] Linking C executable cmTC_d4f32
FAILED: : && /usr/bin/cc  -DCHECK_FUNCTION_EXISTS=pthread_create   CMakeFiles/cmTC_d4f32.dir/CheckFunctionExists.c.o  -o cmTC_d4f32  -rdynamic -lpthreads && :
/usr/bin/ld: 找不到 -lpthreads
collect2: error: ld returned 1 exit status
ninja: build stopped: subcommand failed.


Determining if the include file FL/Fl.H exists failed with the following output:
Change Dir: /home/physics/catkin_ws/build_isolated/navfn/CMakeFiles/CMakeTmp

Run Build Command:"/usr/bin/ninja" "cmTC_a708a"
[1/2] Building CXX object CMakeFiles/cmTC_a708a.dir/CheckIncludeFile.cxx.o
FAILED: /usr/bin/c++      -o CMakeFiles/cmTC_a708a.dir/CheckIncludeFile.cxx.o -c CheckIncludeFile.cxx
CheckIncludeFile.cxx:1:19: fatal error: FL/Fl.H: 没有那个文件或目录
compilation terminated.
ninja: build stopped: subcommand failed.


Determining if the include file pgm.h exists failed with the following output:
Change Dir: /home/physics/catkin_ws/build_isolated/navfn/CMakeFiles/CMakeTmp

Run Build Command:"/usr/bin/ninja" "cmTC_dd9a5"
[1/2] Building CXX object CMakeFiles/cmTC_dd9a5.dir/CheckIncludeFile.cxx.o
FAILED: /usr/bin/c++      -o CMakeFiles/cmTC_dd9a5.dir/CheckIncludeFile.cxx.o -c CheckIncludeFile.cxx
CheckIncludeFile.cxx:1:17: fatal error: pgm.h: 没有那个文件或目录
compilation terminated.
ninja: build stopped: subcommand failed.


